0 info it worked if it ends with ok
1 verbose cli [ 'node', '/usr/local/bin/npm', 'publish' ]
2 info using npm@2.11.1
3 info using node@v0.12.2
4 verbose publish [ '.' ]
5 silly cache add args [ '.', null ]
6 verbose cache add spec .
7 silly cache add parsed spec { raw: '.',
7 silly cache add   scope: null,
7 silly cache add   name: null,
7 silly cache add   rawSpec: '.',
7 silly cache add   spec: '/Users/ymcatar/Google Drive/Workspace/gitbook-local/gitbook-test/node_modules/gitbook-plugin-youtubex',
7 silly cache add   type: 'directory' }
8 verbose addLocalDirectory /Users/ymcatar/.npm/gitbook-plugin-youtubex/0.2.1/package.tgz not in flight; packing
9 verbose tar pack [ '/Users/ymcatar/.npm/gitbook-plugin-youtubex/0.2.1/package.tgz',
9 verbose tar pack   '/Users/ymcatar/Google Drive/Workspace/gitbook-local/gitbook-test/node_modules/gitbook-plugin-youtubex' ]
10 verbose tarball /Users/ymcatar/.npm/gitbook-plugin-youtubex/0.2.1/package.tgz
11 verbose folder /Users/ymcatar/Google Drive/Workspace/gitbook-local/gitbook-test/node_modules/gitbook-plugin-youtubex
12 info prepublish gitbook-plugin-youtubex@0.2.1
13 verbose addLocalTarball adding from inside cache /Users/ymcatar/.npm/gitbook-plugin-youtubex/0.2.1/package.tgz
14 silly cache afterAdd gitbook-plugin-youtubex@0.2.1
15 verbose afterAdd /Users/ymcatar/.npm/gitbook-plugin-youtubex/0.2.1/package/package.json not in flight; writing
16 verbose afterAdd /Users/ymcatar/.npm/gitbook-plugin-youtubex/0.2.1/package/package.json written
17 silly publish { name: 'gitbook-plugin-youtubex',
17 silly publish   description: 'YouTube plugin for GitBook',
17 silly publish   main: 'index.js',
17 silly publish   version: '0.2.1',
17 silly publish   engines: { gitbook: '>1.x.x' },
17 silly publish   homepage: 'https://github.com/ymcatar/gitbook-plugin-youtubex',
17 silly publish   repository:
17 silly publish    { type: 'git',
17 silly publish      url: 'git+https://github.com/ymcatar/gitbook-plugin-youtubex.git' },
17 silly publish   license: 'Apache 2',
17 silly publish   bugs: { url: 'https://github.com/ymcatar/gitbook-plugin-youtubex/issues' },
17 silly publish   readme: 'GitBook YouTube Plugin\n===\n\nThis is a plugin for inserting YouTube videos in GitBook.\n\n## Usage\n\nYoutube videos can be inserted into a gitbook chapter using a tag with the video id inserted inbetween:\n\n```\n{%youtube%}dQw4w9WgXcQ{%endyoutube%}\n```\n\nSee the plugin at work here: [Click here](http://ymcatar.gitbooks.io/gitbook-test/content/testing_youtubex.html)\n\n## Changelog\n\n* 0.2 Releases:\n\t* **0.2.1:** Fixed broken link in the documentation.\n\t* **0.2.0:** Improved looks and feels.\n\n## Feature\n\n* The player will be responsive and will resize according to the page size.\n* A link pointing to the video will be displayed instead if the book is converted into .pdf or other ebook formats.\n',
17 silly publish   readmeFilename: 'README.md',
17 silly publish   gitHead: 'f48067ac0868bcb183e5b66751c5da73d0bcc915',
17 silly publish   _id: 'gitbook-plugin-youtubex@0.2.1',
17 silly publish   scripts: {},
17 silly publish   _shasum: 'afff6dafc235782f8167f1a1d35e58119759c792',
17 silly publish   _from: '.' }
18 verbose getPublishConfig undefined
19 silly mapToRegistry name gitbook-plugin-youtubex
20 silly mapToRegistry using default registry
21 silly mapToRegistry registry https://registry.npmjs.org/
22 silly mapToRegistry uri https://registry.npmjs.org/gitbook-plugin-youtubex
23 verbose publish registryBase https://registry.npmjs.org/
24 silly publish uploading /Users/ymcatar/.npm/gitbook-plugin-youtubex/0.2.1/package.tgz
25 verbose request uri https://registry.npmjs.org/gitbook-plugin-youtubex
26 verbose request sending authorization for write operation
27 info attempt registry request try #1 at 9:08:13 PM
28 verbose request using bearer token for auth
29 verbose request id 873001cf5c24739f
30 http request PUT https://registry.npmjs.org/gitbook-plugin-youtubex
31 http 403 https://registry.npmjs.org/gitbook-plugin-youtubex
32 verbose headers { 'content-type': 'application/json',
32 verbose headers   'cache-control': 'max-age=60',
32 verbose headers   'content-length': '95',
32 verbose headers   'accept-ranges': 'bytes',
32 verbose headers   date: 'Mon, 22 Jun 2015 13:08:15 GMT',
32 verbose headers   via: '1.1 varnish',
32 verbose headers   connection: 'keep-alive',
32 verbose headers   'x-served-by': 'cache-hkg6822-HKG',
32 verbose headers   'x-cache': 'MISS',
32 verbose headers   'x-cache-hits': '0',
32 verbose headers   'x-timer': 'S1434978493.434298,VS0,VE1700' }
33 verbose request invalidating /Users/ymcatar/.npm/registry.npmjs.org/gitbook-plugin-youtubex on PUT
34 error publish Failed PUT 403
35 verbose stack Error: "You cannot publish over the previously published version 0.2.1." : gitbook-plugin-youtubex
35 verbose stack     at CachingRegistryClient.<anonymous> (/usr/local/lib/node_modules/npm/node_modules/npm-registry-client/lib/request.js:247:14)
35 verbose stack     at Request._callback (/usr/local/lib/node_modules/npm/node_modules/npm-registry-client/lib/request.js:170:14)
35 verbose stack     at Request.self.callback (/usr/local/lib/node_modules/npm/node_modules/request/request.js:354:22)
35 verbose stack     at Request.emit (events.js:110:17)
35 verbose stack     at Request.<anonymous> (/usr/local/lib/node_modules/npm/node_modules/request/request.js:1207:14)
35 verbose stack     at Request.emit (events.js:129:20)
35 verbose stack     at IncomingMessage.<anonymous> (/usr/local/lib/node_modules/npm/node_modules/request/request.js:1153:12)
35 verbose stack     at IncomingMessage.emit (events.js:129:20)
35 verbose stack     at _stream_readable.js:908:16
35 verbose stack     at process._tickCallback (node.js:355:11)
36 verbose statusCode 403
37 verbose pkgid gitbook-plugin-youtubex
38 verbose cwd /Users/ymcatar/Google Drive/Workspace/gitbook-local/gitbook-test/node_modules/gitbook-plugin-youtubex
39 error Darwin 14.3.0
40 error argv "node" "/usr/local/bin/npm" "publish"
41 error node v0.12.2
42 error npm  v2.11.1
43 error code E403
44 error "You cannot publish over the previously published version 0.2.1." : gitbook-plugin-youtubex
45 error If you need help, you may report this error at:
45 error     <https://github.com/npm/npm/issues>
46 verbose exit [ 1, true ]
